<?xml version="1.0" encoding="UTF-8"?>
<testsuite xmlns:xsi="http://www.w3.org/2001/XMLSchema-instance" xsi:noNamespaceSchemaLocation="https://maven.apache.org/surefire/maven-surefire-plugin/xsd/surefire-test-report.xsd" name="org.example.controller.DeepSeekControllerTest" time="0.377" tests="4" errors="0" skipped="0" failures="0">
  <properties>
[...]
</properties>
  <testcase name="testCallDeepSeek_NullInput" classname="org.example.controller.DeepSeekControllerTest" time="0.027"/>
  <testcase name="testCallDeepSeek_ValidInput" classname="org.example.controller.DeepSeekControllerTest" time="0.009"/>
  <testcase name="testCallDeepSeek_EmptyInput" classname="org.example.controller.DeepSeekControllerTest" time="0.001"/>
  <testcase name="testCallDeepSeek_MissingInputField" classname="org.example.controller.DeepSeekControllerTest" time="0"/>
</testsuite>